/*
 Copyright (c) 2026 Ashraf Morningstar
 These are personal recreations of existing projects, developed by Ashraf Morningstar
 for learning and skill development.
 Original project concepts remain the intellectual property of their respective creators.
 Repository: https://github.com/AshrafMorningstar
*/

{"level":"info","message":"Scheduled recurring daily job #1 at 9:12:00 am","timestamp":"2025-11-05T09:21:36.248Z"}
{"level":"info","message":"Scheduled recurring daily job #2 at 9:17:00 am","timestamp":"2025-11-05T09:21:36.251Z"}
{"level":"info","message":"Scheduled recurring daily job #3 at 9:33:00 am","timestamp":"2025-11-05T09:21:36.254Z"}
{"level":"info","message":"Scheduled recurring daily job #4 at 9:46:00 am","timestamp":"2025-11-05T09:21:36.258Z"}
{"level":"info","message":"Scheduled recurring daily job #5 at 9:49:00 am","timestamp":"2025-11-05T09:21:36.261Z"}
{"level":"info","message":"Scheduled recurring daily job #6 at 9:54:00 am","timestamp":"2025-11-05T09:21:36.263Z"}
{"level":"info","message":"Scheduled recurring daily job #7 at 9:56:00 am","timestamp":"2025-11-05T09:21:36.264Z"}
{"level":"info","message":"Scheduled recurring daily job #8 at 10:23:00 am","timestamp":"2025-11-05T09:21:36.265Z"}
{"level":"info","message":"Scheduled recurring daily job #9 at 10:36:00 am","timestamp":"2025-11-05T09:21:36.267Z"}
{"level":"info","message":"Scheduled recurring daily job #10 at 10:39:00 am","timestamp":"2025-11-05T09:21:36.269Z"}
{"level":"info","message":"Scheduled recurring daily job #11 at 10:46:00 am","timestamp":"2025-11-05T09:21:36.272Z"}
{"level":"info","message":"Scheduled recurring daily job #12 at 11:03:00 am","timestamp":"2025-11-05T09:21:36.272Z"}
{"level":"info","message":"Scheduled recurring daily job #13 at 11:04:00 am","timestamp":"2025-11-05T09:21:36.273Z"}
{"level":"info","message":"Scheduled recurring daily job #14 at 11:29:00 am","timestamp":"2025-11-05T09:21:36.275Z"}
{"level":"info","message":"Scheduled recurring daily job #15 at 11:38:00 am","timestamp":"2025-11-05T09:21:36.276Z"}
{"level":"info","message":"Scheduled recurring daily job #16 at 11:56:00 am","timestamp":"2025-11-05T09:21:36.277Z"}
{"level":"info","message":"Scheduled recurring daily job #17 at 12:11:00 pm","timestamp":"2025-11-05T09:21:36.278Z"}
{"level":"info","message":"Scheduled recurring daily job #18 at 12:14:00 pm","timestamp":"2025-11-05T09:21:36.279Z"}
{"level":"info","message":"Scheduled recurring daily job #19 at 12:38:00 pm","timestamp":"2025-11-05T09:21:36.280Z"}
{"level":"info","message":"Scheduled recurring daily job #20 at 12:49:00 pm","timestamp":"2025-11-05T09:21:36.281Z"}
{"level":"info","message":"Scheduled recurring daily job #21 at 12:57:00 pm","timestamp":"2025-11-05T09:21:36.282Z"}
{"level":"info","message":"Scheduled recurring daily job #22 at 12:58:00 pm","timestamp":"2025-11-05T09:21:36.283Z"}
{"level":"info","message":"Scheduled recurring daily job #23 at 1:14:00 pm","timestamp":"2025-11-05T09:21:36.284Z"}
{"level":"info","message":"Scheduled recurring daily job #24 at 1:40:00 pm","timestamp":"2025-11-05T09:21:36.285Z"}
{"level":"info","message":"Scheduled recurring daily job #25 at 1:54:00 pm","timestamp":"2025-11-05T09:21:36.286Z"}
{"level":"info","message":"Scheduled recurring daily job #26 at 1:58:00 pm","timestamp":"2025-11-05T09:21:36.288Z"}
{"level":"info","message":"Scheduled recurring daily job #27 at 2:00:00 pm","timestamp":"2025-11-05T09:21:36.288Z"}
{"level":"info","message":"Scheduled recurring daily job #28 at 2:03:00 pm","timestamp":"2025-11-05T09:21:36.289Z"}
{"level":"info","message":"Scheduled recurring daily job #29 at 2:53:00 pm","timestamp":"2025-11-05T09:21:36.290Z"}
{"level":"info","message":"Scheduled recurring daily job #30 at 2:54:00 pm","timestamp":"2025-11-05T09:21:36.290Z"}
{"level":"info","message":"Scheduled recurring daily job #31 at 3:16:00 pm","timestamp":"2025-11-05T09:21:36.291Z"}
{"level":"info","message":"Scheduled recurring daily job #32 at 3:25:00 pm","timestamp":"2025-11-05T09:21:36.292Z"}
{"level":"info","message":"Scheduled recurring daily job #33 at 3:32:00 pm","timestamp":"2025-11-05T09:21:36.292Z"}
{"level":"info","message":"Scheduled recurring daily job #34 at 3:38:00 pm","timestamp":"2025-11-05T09:21:36.293Z"}
{"level":"info","message":"Scheduled recurring daily job #35 at 3:45:00 pm","timestamp":"2025-11-05T09:21:36.293Z"}
{"level":"info","message":"Scheduled recurring daily job #36 at 3:54:00 pm","timestamp":"2025-11-05T09:21:36.294Z"}
{"level":"info","message":"Scheduled recurring daily job #37 at 3:56:00 pm","timestamp":"2025-11-05T09:21:36.295Z"}
{"level":"info","message":"Scheduled recurring daily job #38 at 3:59:00 pm","timestamp":"2025-11-05T09:21:36.296Z"}
{"level":"info","message":"Scheduled recurring daily job #39 at 4:04:00 pm","timestamp":"2025-11-05T09:21:36.297Z"}
{"level":"info","message":"Scheduled recurring daily job #40 at 4:12:00 pm","timestamp":"2025-11-05T09:21:36.297Z"}
{"level":"info","message":"Scheduled recurring daily job #41 at 4:25:00 pm","timestamp":"2025-11-05T09:21:36.298Z"}
{"level":"info","message":"Scheduled recurring daily job #42 at 4:30:00 pm","timestamp":"2025-11-05T09:21:36.298Z"}
{"level":"info","message":"Scheduled recurring daily job #43 at 4:38:00 pm","timestamp":"2025-11-05T09:21:36.299Z"}
{"level":"info","message":"Scheduled recurring daily job #44 at 4:39:00 pm","timestamp":"2025-11-05T09:21:36.300Z"}
{"level":"info","message":"Scheduled recurring daily job #45 at 4:41:00 pm","timestamp":"2025-11-05T09:21:36.301Z"}
{"level":"info","message":"Scheduled recurring daily job #46 at 4:48:00 pm","timestamp":"2025-11-05T09:21:36.302Z"}
{"level":"info","message":"Scheduled recurring daily job #47 at 5:17:00 pm","timestamp":"2025-11-05T09:21:36.302Z"}
{"level":"info","message":"Scheduled recurring daily job #48 at 5:32:00 pm","timestamp":"2025-11-05T09:21:36.304Z"}
{"level":"info","message":"Scheduled recurring daily job #49 at 5:35:00 pm","timestamp":"2025-11-05T09:21:36.306Z"}
{"level":"info","message":"Scheduled recurring daily job #50 at 5:43:00 pm","timestamp":"2025-11-05T09:21:36.308Z"}
{"level":"info","message":"Scheduled 50 daily commit jobs","timestamp":"2025-11-05T09:21:36.308Z"}
{"level":"info","message":"Bot started successfully! Check the logs for activity.","timestamp":"2025-11-05T09:21:36.308Z"}
{"level":"info","message":"Completed scheduled content generation #29","timestamp":"2025-11-05T09:23:00.022Z"}
{"level":"info","message":"Completed scheduled content generation #30","timestamp":"2025-11-05T09:24:00.010Z"}
{"level":"warn","message":"Historical run would generate 35658 commits which exceeds maxCommits=20000. Aborting.","timestamp":"2025-11-05T09:27:40.047Z"}
{"level":"info","message":"Scheduled recurring daily job #1 at 11:19:00 am","timestamp":"2025-11-05T09:28:31.932Z"}
{"level":"info","message":"Scheduled recurring daily job #2 at 3:11:00 pm","timestamp":"2025-11-05T09:28:31.935Z"}
{"level":"info","message":"Scheduled recurring daily job #3 at 4:46:00 pm","timestamp":"2025-11-05T09:28:31.937Z"}
{"level":"info","message":"Scheduled 3 daily commit jobs","timestamp":"2025-11-05T09:28:31.938Z"}
{"level":"info","message":"Bot started successfully! Check the logs for activity.","timestamp":"2025-11-05T09:28:31.938Z"}
{"level":"info","message":"Starting historical generation for 11886 commits from Thu Jan 01 2015 to Wed Nov 05 2025","timestamp":"2025-11-05T09:29:35.111Z"}
{"level":"info","message":"Completed 100 historical commits so far","timestamp":"2025-11-05T09:29:35.114Z"}
{"level":"info","message":"Completed 200 historical commits so far","timestamp":"2025-11-05T09:29:35.114Z"}
{"level":"info","message":"Completed 300 historical commits so far","timestamp":"2025-11-05T09:29:35.115Z"}
{"level":"info","message":"Completed 400 historical commits so far","timestamp":"2025-11-05T09:29:35.115Z"}
{"level":"info","message":"Completed 500 historical commits so far","timestamp":"2025-11-05T09:29:35.115Z"}
{"level":"info","message":"Completed 600 historical commits so far","timestamp":"2025-11-05T09:29:35.115Z"}
{"level":"info","message":"Completed 700 historical commits so far","timestamp":"2025-11-05T09:29:35.116Z"}
{"level":"info","message":"Completed 800 historical commits so far","timestamp":"2025-11-05T09:29:35.116Z"}
{"level":"info","message":"Completed 900 historical commits so far","timestamp":"2025-11-05T09:29:35.116Z"}
{"level":"info","message":"Completed 1000 historical commits so far","timestamp":"2025-11-05T09:29:35.116Z"}
{"level":"info","message":"Completed 1100 historical commits so far","timestamp":"2025-11-05T09:29:35.117Z"}
{"level":"info","message":"Completed 1200 historical commits so far","timestamp":"2025-11-05T09:29:35.117Z"}
{"level":"info","message":"Completed 1300 historical commits so far","timestamp":"2025-11-05T09:29:35.117Z"}
{"level":"info","message":"Completed 1400 historical commits so far","timestamp":"2025-11-05T09:29:35.117Z"}
{"level":"info","message":"Completed 1500 historical commits so far","timestamp":"2025-11-05T09:29:35.117Z"}
{"level":"info","message":"Completed 1600 historical commits so far","timestamp":"2025-11-05T09:29:35.117Z"}
{"level":"info","message":"Completed 1700 historical commits so far","timestamp":"2025-11-05T09:29:35.118Z"}
{"level":"info","message":"Completed 1800 historical commits so far","timestamp":"2025-11-05T09:29:35.118Z"}
{"level":"info","message":"Completed 1900 historical commits so far","timestamp":"2025-11-05T09:29:35.118Z"}
{"level":"info","message":"Completed 2000 historical commits so far","timestamp":"2025-11-05T09:29:35.118Z"}
{"level":"info","message":"Completed 2100 historical commits so far","timestamp":"2025-11-05T09:29:35.119Z"}
{"level":"info","message":"Completed 2200 historical commits so far","timestamp":"2025-11-05T09:29:35.119Z"}
{"level":"info","message":"Completed 2300 historical commits so far","timestamp":"2025-11-05T09:29:35.119Z"}
{"level":"info","message":"Completed 2400 historical commits so far","timestamp":"2025-11-05T09:29:35.119Z"}
{"level":"info","message":"Completed 2500 historical commits so far","timestamp":"2025-11-05T09:29:35.119Z"}
{"level":"info","message":"Completed 2600 historical commits so far","timestamp":"2025-11-05T09:29:35.119Z"}
{"level":"info","message":"Completed 2700 historical commits so far","timestamp":"2025-11-05T09:29:35.120Z"}
{"level":"info","message":"Completed 2800 historical commits so far","timestamp":"2025-11-05T09:29:35.120Z"}
{"level":"info","message":"Completed 2900 historical commits so far","timestamp":"2025-11-05T09:29:35.120Z"}
{"level":"info","message":"Completed 3000 historical commits so far","timestamp":"2025-11-05T09:29:35.120Z"}
{"level":"info","message":"Completed 3100 historical commits so far","timestamp":"2025-11-05T09:29:35.120Z"}
{"level":"info","message":"Completed 3200 historical commits so far","timestamp":"2025-11-05T09:29:35.121Z"}
{"level":"info","message":"Completed 3300 historical commits so far","timestamp":"2025-11-05T09:29:35.121Z"}
{"level":"info","message":"Completed 3400 historical commits so far","timestamp":"2025-11-05T09:29:35.121Z"}
{"level":"info","message":"Completed 3500 historical commits so far","timestamp":"2025-11-05T09:29:35.122Z"}
{"level":"info","message":"Completed 3600 historical commits so far","timestamp":"2025-11-05T09:29:35.122Z"}
{"level":"info","message":"Completed 3700 historical commits so far","timestamp":"2025-11-05T09:29:35.122Z"}
{"level":"info","message":"Completed 3800 historical commits so far","timestamp":"2025-11-05T09:29:35.122Z"}
{"level":"info","message":"Completed 3900 historical commits so far","timestamp":"2025-11-05T09:29:35.122Z"}
{"level":"info","message":"Completed 4000 historical commits so far","timestamp":"2025-11-05T09:29:35.122Z"}
{"level":"info","message":"Completed 4100 historical commits so far","timestamp":"2025-11-05T09:29:35.123Z"}
{"level":"info","message":"Completed 4200 historical commits so far","timestamp":"2025-11-05T09:29:35.123Z"}
{"level":"info","message":"Completed 4300 historical commits so far","timestamp":"2025-11-05T09:29:35.123Z"}
{"level":"info","message":"Completed 4400 historical commits so far","timestamp":"2025-11-05T09:29:35.123Z"}
{"level":"info","message":"Completed 4500 historical commits so far","timestamp":"2025-11-05T09:29:35.123Z"}
{"level":"info","message":"Completed 4600 historical commits so far","timestamp":"2025-11-05T09:29:35.123Z"}
{"level":"info","message":"Completed 4700 historical commits so far","timestamp":"2025-11-05T09:29:35.123Z"}
{"level":"info","message":"Completed 4800 historical commits so far","timestamp":"2025-11-05T09:29:35.123Z"}
{"level":"info","message":"Completed 4900 historical commits so far","timestamp":"2025-11-05T09:29:35.124Z"}
{"level":"info","message":"Completed 5000 historical commits so far","timestamp":"2025-11-05T09:29:35.124Z"}
{"level":"info","message":"Completed 5100 historical commits so far","timestamp":"2025-11-05T09:29:35.124Z"}
{"level":"info","message":"Completed 5200 historical commits so far","timestamp":"2025-11-05T09:29:35.124Z"}
{"level":"info","message":"Completed 5300 historical commits so far","timestamp":"2025-11-05T09:29:35.124Z"}
{"level":"info","message":"Completed 5400 historical commits so far","timestamp":"2025-11-05T09:29:35.124Z"}
{"level":"info","message":"Completed 5500 historical commits so far","timestamp":"2025-11-05T09:29:35.125Z"}
{"level":"info","message":"Completed 5600 historical commits so far","timestamp":"2025-11-05T09:29:35.125Z"}
{"level":"info","message":"Completed 5700 historical commits so far","timestamp":"2025-11-05T09:29:35.125Z"}
{"level":"info","message":"Completed 5800 historical commits so far","timestamp":"2025-11-05T09:29:35.125Z"}
{"level":"info","message":"Completed 5900 historical commits so far","timestamp":"2025-11-05T09:29:35.126Z"}
{"level":"info","message":"Completed 6000 historical commits so far","timestamp":"2025-11-05T09:29:35.126Z"}
{"level":"info","message":"Completed 6100 historical commits so far","timestamp":"2025-11-05T09:29:35.126Z"}
{"level":"info","message":"Completed 6200 historical commits so far","timestamp":"2025-11-05T09:29:35.126Z"}
{"level":"info","message":"Completed 6300 historical commits so far","timestamp":"2025-11-05T09:29:35.126Z"}
{"level":"info","message":"Completed 6400 historical commits so far","timestamp":"2025-11-05T09:29:35.127Z"}
{"level":"info","message":"Completed 6500 historical commits so far","timestamp":"2025-11-05T09:29:35.128Z"}
{"level":"info","message":"Completed 6600 historical commits so far","timestamp":"2025-11-05T09:29:35.128Z"}
{"level":"info","message":"Completed 6700 historical commits so far","timestamp":"2025-11-05T09:29:35.128Z"}
{"level":"info","message":"Completed 6800 historical commits so far","timestamp":"2025-11-05T09:29:35.128Z"}
{"level":"info","message":"Completed 6900 historical commits so far","timestamp":"2025-11-05T09:29:35.128Z"}
{"level":"info","message":"Completed 7000 historical commits so far","timestamp":"2025-11-05T09:29:35.129Z"}
{"level":"info","message":"Completed 7100 historical commits so far","timestamp":"2025-11-05T09:29:35.129Z"}
{"level":"info","message":"Completed 7200 historical commits so far","timestamp":"2025-11-05T09:29:35.129Z"}
{"level":"info","message":"Completed 7300 historical commits so far","timestamp":"2025-11-05T09:29:35.129Z"}
{"level":"info","message":"Completed 7400 historical commits so far","timestamp":"2025-11-05T09:29:35.130Z"}
{"level":"info","message":"Completed 7500 historical commits so far","timestamp":"2025-11-05T09:29:35.130Z"}
{"level":"info","message":"Completed 7600 historical commits so far","timestamp":"2025-11-05T09:29:35.130Z"}
{"level":"info","message":"Completed 7700 historical commits so far","timestamp":"2025-11-05T09:29:35.130Z"}
{"level":"info","message":"Completed 7800 historical commits so far","timestamp":"2025-11-05T09:29:35.130Z"}
{"level":"info","message":"Completed 7900 historical commits so far","timestamp":"2025-11-05T09:29:35.131Z"}
{"level":"info","message":"Completed 8000 historical commits so far","timestamp":"2025-11-05T09:29:35.131Z"}
{"level":"info","message":"Completed 8100 historical commits so far","timestamp":"2025-11-05T09:29:35.131Z"}
{"level":"info","message":"Completed 8200 historical commits so far","timestamp":"2025-11-05T09:29:35.131Z"}
{"level":"info","message":"Completed 8300 historical commits so far","timestamp":"2025-11-05T09:29:35.132Z"}
{"level":"info","message":"Completed 8400 historical commits so far","timestamp":"2025-11-05T09:29:35.132Z"}
{"level":"info","message":"Completed 8500 historical commits so far","timestamp":"2025-11-05T09:29:35.132Z"}
{"level":"info","message":"Completed 8600 historical commits so far","timestamp":"2025-11-05T09:29:35.132Z"}
{"level":"info","message":"Completed 8700 historical commits so far","timestamp":"2025-11-05T09:29:35.132Z"}
{"level":"info","message":"Completed 8800 historical commits so far","timestamp":"2025-11-05T09:29:35.133Z"}
{"level":"info","message":"Completed 8900 historical commits so far","timestamp":"2025-11-05T09:29:35.133Z"}
{"level":"info","message":"Completed 9000 historical commits so far","timestamp":"2025-11-05T09:29:35.133Z"}
{"level":"info","message":"Completed 9100 historical commits so far","timestamp":"2025-11-05T09:29:35.133Z"}
{"level":"info","message":"Completed 9200 historical commits so far","timestamp":"2025-11-05T09:29:35.133Z"}
{"level":"info","message":"Completed 9300 historical commits so far","timestamp":"2025-11-05T09:29:35.134Z"}
{"level":"info","message":"Completed 9400 historical commits so far","timestamp":"2025-11-05T09:29:35.134Z"}
{"level":"info","message":"Completed 9500 historical commits so far","timestamp":"2025-11-05T09:29:35.134Z"}
{"level":"info","message":"Completed 9600 historical commits so far","timestamp":"2025-11-05T09:29:35.134Z"}
{"level":"info","message":"Completed 9700 historical commits so far","timestamp":"2025-11-05T09:29:35.135Z"}
{"level":"info","message":"Completed 9800 historical commits so far","timestamp":"2025-11-05T09:29:35.135Z"}
{"level":"info","message":"Completed 9900 historical commits so far","timestamp":"2025-11-05T09:29:35.135Z"}
{"level":"info","message":"Completed 10000 historical commits so far","timestamp":"2025-11-05T09:29:35.135Z"}
{"level":"info","message":"Completed 10100 historical commits so far","timestamp":"2025-11-05T09:29:35.136Z"}
{"level":"info","message":"Completed 10200 historical commits so far","timestamp":"2025-11-05T09:29:35.136Z"}
{"level":"info","message":"Completed 10300 historical commits so far","timestamp":"2025-11-05T09:29:35.136Z"}
{"level":"info","message":"Completed 10400 historical commits so far","timestamp":"2025-11-05T09:29:35.136Z"}
{"level":"info","message":"Completed 10500 historical commits so far","timestamp":"2025-11-05T09:29:35.137Z"}
{"level":"info","message":"Completed 10600 historical commits so far","timestamp":"2025-11-05T09:29:35.137Z"}
{"level":"info","message":"Completed 10700 historical commits so far","timestamp":"2025-11-05T09:29:35.137Z"}
{"level":"info","message":"Completed 10800 historical commits so far","timestamp":"2025-11-05T09:29:35.137Z"}
{"level":"info","message":"Completed 10900 historical commits so far","timestamp":"2025-11-05T09:29:35.137Z"}
{"level":"info","message":"Completed 11000 historical commits so far","timestamp":"2025-11-05T09:29:35.138Z"}
{"level":"info","message":"Completed 11100 historical commits so far","timestamp":"2025-11-05T09:29:35.138Z"}
{"level":"info","message":"Completed 11200 historical commits so far","timestamp":"2025-11-05T09:29:35.138Z"}
{"level":"info","message":"Completed 11300 historical commits so far","timestamp":"2025-11-05T09:29:35.138Z"}
{"level":"info","message":"Completed 11400 historical commits so far","timestamp":"2025-11-05T09:29:35.138Z"}
{"level":"info","message":"Completed 11500 historical commits so far","timestamp":"2025-11-05T09:29:35.138Z"}
{"level":"info","message":"Completed 11600 historical commits so far","timestamp":"2025-11-05T09:29:35.139Z"}
{"level":"info","message":"Completed 11700 historical commits so far","timestamp":"2025-11-05T09:29:35.139Z"}
{"level":"info","message":"Completed 11800 historical commits so far","timestamp":"2025-11-05T09:29:35.139Z"}
{"level":"info","message":"Historical generation complete. Total attempts: 11886, successful: 11886","timestamp":"2025-11-05T09:29:35.139Z"}
{"level":"info","message":"Bot started successfully! Check the logs for activity.","timestamp":"2025-11-05T09:29:35.139Z"}
{"level":"info","message":"Scheduled recurring daily job #1 at 9:03:00 am","timestamp":"2025-11-05T09:30:59.500Z"}
{"level":"info","message":"Scheduled recurring daily job #2 at 9:16:00 am","timestamp":"2025-11-05T09:30:59.504Z"}
{"level":"info","message":"Scheduled recurring daily job #3 at 9:41:00 am","timestamp":"2025-11-05T09:30:59.506Z"}
{"level":"info","message":"Scheduled recurring daily job #4 at 10:03:00 am","timestamp":"2025-11-05T09:30:59.509Z"}
{"level":"info","message":"Scheduled recurring daily job #5 at 10:21:00 am","timestamp":"2025-11-05T09:30:59.510Z"}
{"level":"info","message":"Scheduled recurring daily job #6 at 10:52:00 am","timestamp":"2025-11-05T09:30:59.513Z"}
{"level":"info","message":"Scheduled recurring daily job #7 at 10:57:00 am","timestamp":"2025-11-05T09:30:59.515Z"}
{"level":"info","message":"Scheduled recurring daily job #8 at 11:11:00 am","timestamp":"2025-11-05T09:30:59.516Z"}
{"level":"info","message":"Scheduled recurring daily job #9 at 11:21:00 am","timestamp":"2025-11-05T09:30:59.517Z"}
{"level":"info","message":"Scheduled recurring daily job #10 at 11:25:00 am","timestamp":"2025-11-05T09:30:59.519Z"}
{"level":"info","message":"Scheduled recurring daily job #11 at 11:28:00 am","timestamp":"2025-11-05T09:30:59.520Z"}
{"level":"info","message":"Scheduled recurring daily job #12 at 11:33:00 am","timestamp":"2025-11-05T09:30:59.522Z"}
{"level":"info","message":"Scheduled recurring daily job #13 at 11:45:00 am","timestamp":"2025-11-05T09:30:59.524Z"}
{"level":"info","message":"Scheduled recurring daily job #14 at 11:46:00 am","timestamp":"2025-11-05T09:30:59.526Z"}
{"level":"info","message":"Scheduled recurring daily job #15 at 11:49:00 am","timestamp":"2025-11-05T09:30:59.527Z"}
{"level":"info","message":"Scheduled recurring daily job #16 at 11:53:00 am","timestamp":"2025-11-05T09:30:59.528Z"}
{"level":"info","message":"Scheduled recurring daily job #17 at 11:56:00 am","timestamp":"2025-11-05T09:30:59.529Z"}
{"level":"info","message":"Scheduled recurring daily job #18 at 11:59:00 am","timestamp":"2025-11-05T09:30:59.531Z"}
{"level":"info","message":"Scheduled recurring daily job #19 at 12:25:00 pm","timestamp":"2025-11-05T09:30:59.532Z"}
{"level":"info","message":"Scheduled recurring daily job #20 at 12:33:00 pm","timestamp":"2025-11-05T09:30:59.532Z"}
{"level":"info","message":"Scheduled recurring daily job #21 at 12:55:00 pm","timestamp":"2025-11-05T09:30:59.533Z"}
{"level":"info","message":"Scheduled recurring daily job #22 at 1:21:00 pm","timestamp":"2025-11-05T09:30:59.534Z"}
{"level":"info","message":"Scheduled recurring daily job #23 at 1:23:00 pm","timestamp":"2025-11-05T09:30:59.535Z"}
{"level":"info","message":"Scheduled recurring daily job #24 at 1:28:00 pm","timestamp":"2025-11-05T09:30:59.536Z"}
{"level":"info","message":"Scheduled recurring daily job #25 at 1:38:00 pm","timestamp":"2025-11-05T09:30:59.537Z"}
{"level":"info","message":"Scheduled recurring daily job #26 at 1:56:00 pm","timestamp":"2025-11-05T09:30:59.539Z"}
{"level":"info","message":"Scheduled recurring daily job #27 at 2:00:00 pm","timestamp":"2025-11-05T09:30:59.540Z"}
{"level":"info","message":"Scheduled recurring daily job #28 at 2:06:00 pm","timestamp":"2025-11-05T09:30:59.540Z"}
{"level":"info","message":"Scheduled recurring daily job #29 at 2:07:00 pm","timestamp":"2025-11-05T09:30:59.541Z"}
{"level":"info","message":"Scheduled recurring daily job #30 at 2:20:00 pm","timestamp":"2025-11-05T09:30:59.542Z"}
{"level":"info","message":"Scheduled recurring daily job #31 at 2:24:00 pm","timestamp":"2025-11-05T09:30:59.542Z"}
{"level":"info","message":"Scheduled recurring daily job #32 at 2:24:00 pm","timestamp":"2025-11-05T09:30:59.543Z"}
{"level":"info","message":"Scheduled recurring daily job #33 at 2:32:00 pm","timestamp":"2025-11-05T09:30:59.544Z"}
{"level":"info","message":"Scheduled recurring daily job #34 at 2:42:00 pm","timestamp":"2025-11-05T09:30:59.545Z"}
{"level":"info","message":"Scheduled recurring daily job #35 at 2:44:00 pm","timestamp":"2025-11-05T09:30:59.546Z"}
{"level":"info","message":"Scheduled recurring daily job #36 at 2:50:00 pm","timestamp":"2025-11-05T09:30:59.547Z"}
{"level":"info","message":"Scheduled recurring daily job #37 at 2:53:00 pm","timestamp":"2025-11-05T09:30:59.548Z"}
{"level":"info","message":"Scheduled recurring daily job #38 at 2:55:00 pm","timestamp":"2025-11-05T09:30:59.549Z"}
{"level":"info","message":"Scheduled recurring daily job #39 at 3:07:00 pm","timestamp":"2025-11-05T09:30:59.550Z"}
{"level":"info","message":"Scheduled recurring daily job #40 at 3:10:00 pm","timestamp":"2025-11-05T09:30:59.550Z"}
{"level":"info","message":"Scheduled recurring daily job #41 at 3:32:00 pm","timestamp":"2025-11-05T09:30:59.551Z"}
{"level":"info","message":"Scheduled recurring daily job #42 at 3:36:00 pm","timestamp":"2025-11-05T09:30:59.551Z"}
{"level":"info","message":"Scheduled recurring daily job #43 at 4:17:00 pm","timestamp":"2025-11-05T09:30:59.552Z"}
{"level":"info","message":"Scheduled recurring daily job #44 at 4:33:00 pm","timestamp":"2025-11-05T09:30:59.553Z"}
{"level":"info","message":"Scheduled recurring daily job #45 at 4:43:00 pm","timestamp":"2025-11-05T09:30:59.553Z"}
{"level":"info","message":"Scheduled recurring daily job #46 at 5:00:00 pm","timestamp":"2025-11-05T09:30:59.554Z"}
{"level":"info","message":"Scheduled recurring daily job #47 at 5:26:00 pm","timestamp":"2025-11-05T09:30:59.556Z"}
{"level":"info","message":"Scheduled recurring daily job #48 at 5:36:00 pm","timestamp":"2025-11-05T09:30:59.558Z"}
{"level":"info","message":"Scheduled recurring daily job #49 at 5:48:00 pm","timestamp":"2025-11-05T09:30:59.559Z"}
{"level":"info","message":"Scheduled recurring daily job #50 at 5:59:00 pm","timestamp":"2025-11-05T09:30:59.560Z"}
{"level":"info","message":"Scheduled 50 daily commit jobs","timestamp":"2025-11-05T09:30:59.561Z"}
{"level":"info","message":"Bot started successfully! Check the logs for activity.","timestamp":"2025-11-05T09:30:59.561Z"}
