/*
 Copyright (c) 2026 Ashraf Morningstar
 These are personal recreations of existing projects, developed by Ashraf Morningstar
 for learning and skill development.
 Original project concepts remain the intellectual property of their respective creators.
 Repository: https://github.com/AshrafMorningstar
*/

2025-11-05 11:11:45,801 - Environment variables loaded
2025-11-05 11:11:45,908 - 
Starting test commit...
2025-11-05 11:11:45,908 - 1. Initializing bot...
2025-11-05 11:11:45,992 - 2. Attempting to connect to repository: Tesing-Hacking-Repository
2025-11-05 11:11:47,244 - 3. Successfully connected to repository
2025-11-05 11:11:47,244 - 4. Creating test commit...
2025-11-05 11:15:28,537 - Environment variables loaded
2025-11-05 11:15:28,741 - 
Starting test commit...
2025-11-05 11:15:28,741 - 1. Initializing bot...
2025-11-05 11:15:28,839 - 2. Attempting to connect to repository: Tesing-Hacking-Repository
2025-11-05 11:15:30,128 - 3. Successfully connected to repository
2025-11-05 11:15:30,129 - 4. Creating test commit...
2025-11-05 11:22:12,738 - Environment variables loaded
